#
# There is insufficient memory for the Java Runtime Environment to continue.
# Native memory allocation (mmap) failed to map 65011712 bytes for Failed to commit area from 0x00000000c2000000 to 0x00000000c5e00000 of length 65011712.
# Possible reasons:
#   The system is out of physical RAM or swap space
#   The process is running with CompressedOops enabled, and the Java Heap may be blocking the growth of the native heap
# Possible solutions:
#   Reduce memory load on the system
#   Increase physical memory or swap space
#   Check if swap backing store is full
#   Decrease Java heap size (-Xmx/-Xms)
#   Decrease number of Java threads
#   Decrease Java thread stack sizes (-Xss)
#   Set larger code cache with -XX:ReservedCodeCacheSize=
# This output file may be truncated or incomplete.
#
#  Out of Memory Error (t:/workspace/open/src/hotspot/os/windows/os_windows.cpp:3264), pid=17864, tid=3108
#
# JRE version:  (12.0.2+10) (build )
# Java VM: Java HotSpot(TM) 64-Bit Server VM (12.0.2+10, mixed mode, aot, sharing, tiered, compressed oops, g1 gc, windows-amd64)
# No core dump will be written. Minidumps are not enabled by default on client versions of Windows
#

---------------  S U M M A R Y ------------

Command Line: -Dfile.encoding=UTF-8 --module-path=C:\Users\ankit chauhan\Documents\NetBeansProjects\Gym Management system\build\classes Gym_Management.Gym_Gagets

Host: Intel(R) Core(TM) i3-6006U CPU @ 2.00GHz, 4 cores, 3G,  Windows 10 , 64 bit Build 18362 (10.0.18362.900)
Time: Thu Jul 23 09:26:27 2020 India Standard Time elapsed time: 0 seconds (0d 0h 0m 0s)

---------------  T H R E A D  ---------------

Current thread (0x0000019bbfb64800):  JavaThread "Unknown thread" [_thread_in_vm, id=3108, stack(0x0000002adcb00000,0x0000002adcc00000)]

Stack: [0x0000002adcb00000,0x0000002adcc00000]
Native frames: (J=compiled Java code, j=interpreted, Vv=VM code, C=native code)
V  [jvm.dll+0x63aa2a]
V  [jvm.dll+0x78ce1e]
V  [jvm.dll+0x78e4c1]
V  [jvm.dll+0x78eb13]
V  [jvm.dll+0x2627e8]
V  [jvm.dll+0x637f5a]
V  [jvm.dll+0x62c845]
V  [jvm.dll+0x31e49c]
V  [jvm.dll+0x31e2cf]
V  [jvm.dll+0x324006]
V  [jvm.dll+0x371f56]
V  [jvm.dll+0x371720]
V  [jvm.dll+0x2f845a]
V  [jvm.dll+0x2f96d2]
V  [jvm.dll+0x767267]
V  [jvm.dll+0x7689f5]
V  [jvm.dll+0x380059]
V  [jvm.dll+0x74b794]
V  [jvm.dll+0x3ef5cd]
V  [jvm.dll+0x3f1471]
C  [jli.dll+0x51cf]
C  [ucrtbase.dll+0x20e82]
C  [KERNEL32.DLL+0x17bd4]
C  [ntdll.dll+0x6ce51]


---------------  P R O C E S S  ---------------

Threads class SMR info:
_java_thread_list=0x00007ffba5fb7928, length=0, elements={
}

Java Threads: ( => current thread )

Other Threads:
  0x0000019bbfb91000 GCTaskThread "GC Thread#0" [stack: 0x0000002adcc00000,0x0000002adcd00000] [id=10688]
  0x0000019bbfb99800 ConcurrentGCThread "G1 Main Marker" [stack: 0x0000002adcd00000,0x0000002adce00000] [id=5412]
  0x0000019bbfb9f800 ConcurrentGCThread "G1 Conc#0" [stack: 0x0000002adce00000,0x0000002adcf00000] [id=12068]

[error occurred during error reporting (printing all threads), id 0xc0000005, EXCEPTION_ACCESS_VIOLATION (0xc0000005) at pc=0x00007ffba57e85e7]

VM state:not at safepoint (not fully initialized)

VM Mutex/Monitor currently owned by a thread:  ([mutex/lock_event])
[0x0000019bbfb61780] Heap_lock - owner thread: 0x0000019bbfb64800

Heap address: 0x00000000c2000000, size: 992 MB, Compressed Oops mode: Non-zero based: 0x00000000c2000000
Narrow klass base: 0x0000000000000000, Narrow klass shift: 0

GC Heap History (0 events):
No events

Deoptimization events (0 events):
No events

Classes redefined (0 events):
No events

Internal exceptions (0 events):
No events

Events (0 events):
No events


Dynamic libraries:
0x00007ff74fdf0000 - 0x00007ff74fdff000 	C:\Program Files\Java\jdk-12.0.2\bin\java.exe
0x00007ffbee2e0000 - 0x00007ffbee4d0000 	C:\WINDOWS\SYSTEM32\ntdll.dll
0x00007ffbeca00000 - 0x00007ffbecab2000 	C:\WINDOWS\System32\KERNEL32.DLL
0x00007ffbec080000 - 0x00007ffbec324000 	C:\WINDOWS\System32\KERNELBASE.dll
0x00007ffbeb270000 - 0x00007ffbeb36a000 	C:\WINDOWS\System32\ucrtbase.dll
0x00007ffbdd790000 - 0x00007ffbdd7a8000 	C:\Program Files\Java\jdk-12.0.2\bin\jli.dll
0x00007ffbdd730000 - 0x00007ffbdd746000 	C:\Program Files\Java\jdk-12.0.2\bin\VCRUNTIME140.dll
0x00007ffbec6e0000 - 0x00007ffbec783000 	C:\WINDOWS\System32\ADVAPI32.dll
0x00007ffbec930000 - 0x00007ffbec9ce000 	C:\WINDOWS\System32\msvcrt.dll
0x00007ffbed980000 - 0x00007ffbeda17000 	C:\WINDOWS\System32\sechost.dll
0x00007ffbec5c0000 - 0x00007ffbec6e0000 	C:\WINDOWS\System32\RPCRT4.dll
0x00007ffbee0a0000 - 0x00007ffbee234000 	C:\WINDOWS\System32\USER32.dll
0x00007ffbeb5e0000 - 0x00007ffbeb601000 	C:\WINDOWS\System32\win32u.dll
0x00007ffbec9d0000 - 0x00007ffbec9f6000 	C:\WINDOWS\System32\GDI32.dll
0x00007ffbdb990000 - 0x00007ffbdbc14000 	C:\WINDOWS\WinSxS\amd64_microsoft.windows.common-controls_6595b64144ccf1df_6.0.18362.900_none_e6beb9d913147d17\COMCTL32.dll
0x00007ffbeb410000 - 0x00007ffbeb5a5000 	C:\WINDOWS\System32\gdi32full.dll
0x00007ffbebd90000 - 0x00007ffbebe2e000 	C:\WINDOWS\System32\msvcp_win.dll
0x00007ffbecb60000 - 0x00007ffbece95000 	C:\WINDOWS\System32\combase.dll
0x00007ffbeb370000 - 0x00007ffbeb3f0000 	C:\WINDOWS\System32\bcryptPrimitives.dll
0x00007ffbdbea0000 - 0x00007ffbdbeaa000 	C:\WINDOWS\SYSTEM32\VERSION.dll
0x00007ffbed1f0000 - 0x00007ffbed21e000 	C:\WINDOWS\System32\IMM32.DLL
0x00007ffbd94c0000 - 0x00007ffbd956a000 	C:\Program Files\Java\jdk-12.0.2\bin\msvcp140.dll
0x00007ffba54e0000 - 0x00007ffba6057000 	C:\Program Files\Java\jdk-12.0.2\bin\server\jvm.dll
0x00007ffbedf70000 - 0x00007ffbedf78000 	C:\WINDOWS\System32\PSAPI.DLL
0x00007ffbd88d0000 - 0x00007ffbd88d9000 	C:\WINDOWS\SYSTEM32\WSOCK32.dll
0x00007ffbe8e80000 - 0x00007ffbe8ea4000 	C:\WINDOWS\SYSTEM32\WINMM.dll
0x00007ffbee030000 - 0x00007ffbee09f000 	C:\WINDOWS\System32\WS2_32.dll
0x00007ffbe8e50000 - 0x00007ffbe8e7d000 	C:\WINDOWS\SYSTEM32\winmmbase.dll
0x00007ffbec030000 - 0x00007ffbec07a000 	C:\WINDOWS\System32\cfgmgr32.dll
0x00007ffbeb230000 - 0x00007ffbeb241000 	C:\WINDOWS\System32\kernel.appcore.dll
0x00007ffbdcd20000 - 0x00007ffbdcd31000 	C:\Program Files\Java\jdk-12.0.2\bin\verify.dll
0x00007ffbe9ac0000 - 0x00007ffbe9cb4000 	C:\WINDOWS\SYSTEM32\DBGHELP.DLL
0x00007ffbd5ad0000 - 0x00007ffbd5afa000 	C:\WINDOWS\SYSTEM32\dbgcore.DLL
0x00007ffbdd1e0000 - 0x00007ffbdd206000 	C:\Program Files\Java\jdk-12.0.2\bin\java.dll
0x00007ffbdbef0000 - 0x00007ffbdbf07000 	C:\Program Files\Java\jdk-12.0.2\bin\zip.dll
0x00007ffbdd530000 - 0x00007ffbdd53a000 	C:\Program Files\Java\jdk-12.0.2\bin\jimage.dll

dbghelp: loaded successfully - version: 4.0.5 - missing functions: none
symbol engine: initialized successfully - sym options: 0x614 - pdb path: .;C:\Program Files\Java\jdk-12.0.2\bin;C:\WINDOWS\SYSTEM32;C:\WINDOWS\WinSxS\amd64_microsoft.windows.common-controls_6595b64144ccf1df_6.0.18362.900_none_e6beb9d913147d17;C:\Program Files\Java\jdk-12.0.2\bin\server

VM Arguments:
jvm_args: -Dfile.encoding=UTF-8 --module-path=C:\Users\ankit chauhan\Documents\NetBeansProjects\Gym Management system\build\classes 
java_command: Gym_Management.Gym_Gagets
java_class_path (initial): C:\mysql-connector-java-8.0.18.jar;C:\Users\ankit chauhan\Documents\NetBeansProjects\Gym Management system\build\classes
Launcher Type: SUN_STANDARD

[Global flags]
     intx CICompilerCount                          = 3                                         {product} {ergonomic}
     uint ConcGCThreads                            = 1                                         {product} {ergonomic}
     uint G1ConcRefinementThreads                  = 4                                         {product} {ergonomic}
   size_t G1HeapRegionSize                         = 1048576                                   {product} {ergonomic}
    uintx GCDrainStackTargetSize                   = 64                                        {product} {ergonomic}
   size_t InitialHeapSize                          = 65011712                                  {product} {ergonomic}
   size_t MarkStackSize                            = 4194304                                   {product} {ergonomic}
   size_t MaxHeapSize                              = 1040187392                                {product} {ergonomic}
   size_t MinHeapDeltaBytes                        = 1048576                                   {product} {ergonomic}
    uintx NonNMethodCodeHeapSize                   = 5830732                                {pd product} {ergonomic}
    uintx NonProfiledCodeHeapSize                  = 122913754                              {pd product} {ergonomic}
    uintx ProfiledCodeHeapSize                     = 122913754                              {pd product} {ergonomic}
    uintx ReservedCodeCacheSize                    = 251658240                              {pd product} {ergonomic}
     bool SegmentedCodeCache                       = true                                      {product} {ergonomic}
     bool UseCompressedClassPointers               = true                                 {lp64_product} {ergonomic}
     bool UseCompressedOops                        = true                                 {lp64_product} {ergonomic}
     bool UseG1GC                                  = true                                      {product} {ergonomic}
     bool UseLargePagesIndividualAllocation        = false                                  {pd product} {ergonomic}

Logging:
Log output configuration:
 #0: stdout all=warning uptime,level,tags
 #1: stderr all=off uptime,level,tags

Environment Variables:
CLASSPATH=C:\mysql-connector-java-8.0.18.jar;.;
PATH=C:\Program Files\Java\jdk-12.0.2\bin;C:\Program Files (x86)\Intel\Intel(R) Management Engine Components\DAL;C:\Program Files\Intel\Intel(R) Management Engine Components\DAL;%SystemRoot%\system32;%SystemRoot%;%SystemRoot%\System32\Wbem;%SYSTEMROOT%\System32\WindowsPowerShell\v1.0\;%SYSTEMROOT%\System32\OpenSSH\;C:\Program Files\MySQL\MySQL Shell 8.0\bin\;C:\Program Files\Java\jdk-12.0.2\bin;C:\Users\ankit chauhan\AppData\Local\Microsoft\WindowsApps;;C:\Users\ankit chauhan\AppData\Local\Programs\Microsoft VS Code\bin
USERNAME=ankit chauhan
OS=Windows_NT
PROCESSOR_IDENTIFIER=Intel64 Family 6 Model 78 Stepping 3, GenuineIntel



---------------  S Y S T E M  ---------------

OS: Windows 10 , 64 bit Build 18362 (10.0.18362.900)

CPU:total 4 (initial active 4) (2 cores per cpu, 2 threads per core) family 6 model 78 stepping 3, cmov, cx8, fxsr, mmx, sse, sse2, sse3, ssse3, sse4.1, sse4.2, popcnt, avx, avx2, aes, clmul, erms, 3dnowpref, lzcnt, ht, tsc, tscinvbit, bmi1, bmi2, adx, fma

Memory: 4k page, system-wide physical 3962M (256M free)
TotalPageFile size 16250M (AvailPageFile size 52M)
current process WorkingSet (physical memory assigned to process): 9M, peak: 9M
current process commit charge ("private bytes"): 51M, peak: 113M

vm_info: Java HotSpot(TM) 64-Bit Server VM (12.0.2+10) for windows-amd64 JRE (12.0.2+10), built on Jul 16 2019 01:56:17 by "mach5one" with MS VC++ 15.5 (VS2017)

END.
